生成启动时间为 2013/11/15 7:13:49。
     1>项目“E:\new_gcode\new_gcode\new_gcode.vcxproj”在节点 2 上(build 个目标)。
     1>InitializeBuildStatus:
         正在创建“Release\new_gcode.unsuccessfulbuild”，因为已指定“AlwaysCreate”。
       ClCompile:
         E:\Program Files (x86)\Microsoft Visual Studio 10.0\VC\bin\CL.exe /c /Zi /nologo /W3 /WX- /O2 /Oi /Oy- /GL /D WIN32 /D NDEBUG /D _CONSOLE /D _UNICODE /D UNICODE /Gm- /EHsc /MD /GS /Gy /fp:precise /Zc:wchar_t /Zc:forScope /Fo"Release\\" /Fd"Release\vc100.pdb" /Gd /TP /analyze- /errorReport:prompt main.cpp
         main.cpp
     1>e:\new_gcode\new_gcode\intpoint.h(60): warning C4244: “return”: 从“float”转换到“int32_t”，可能丢失数据
     1>e:\new_gcode\new_gcode\intpoint.h(112): warning C4244: “return”: 从“float”转换到“int32_t”，可能丢失数据
     1>e:\new_gcode\new_gcode\intpoint.h(163): warning C4244: “=”: 从“const ClipperLib::long64”转换到“double”，可能丢失数据
     1>e:\new_gcode\new_gcode\intpoint.h(164): warning C4244: “=”: 从“const ClipperLib::long64”转换到“double”，可能丢失数据
     1>e:\new_gcode\new_gcode\intpoint.h(174): warning C4244: “参数”: 从“const double”转换到“ClipperLib::long64”，可能丢失数据
     1>e:\new_gcode\new_gcode\intpoint.h(174): warning C4244: “参数”: 从“const double”转换到“ClipperLib::long64”，可能丢失数据
     1>e:\new_gcode\new_gcode\intpoint.h(179): warning C4244: “参数”: 从“const double”转换到“ClipperLib::long64”，可能丢失数据
     1>e:\new_gcode\new_gcode\intpoint.h(179): warning C4244: “参数”: 从“const double”转换到“ClipperLib::long64”，可能丢失数据
     1>e:\new_gcode\new_gcode\polygon.h(143): warning C4244: “初始化”: 从“ClipperLib::long64”转换到“double”，可能丢失数据
     1>e:\new_gcode\new_gcode\polygon.h(159): warning C4244: “参数”: 从“double”转换到“ClipperLib::long64”，可能丢失数据
     1>e:\new_gcode\new_gcode\polygon.h(159): warning C4244: “参数”: 从“double”转换到“ClipperLib::long64”，可能丢失数据
     1>e:\new_gcode\new_gcode\floatpoint.h(79): warning C4244: “参数”: 从“double”转换到“const int32_t”，可能丢失数据
     1>e:\new_gcode\new_gcode\floatpoint.h(79): warning C4244: “参数”: 从“double”转换到“const int32_t”，可能丢失数据
     1>e:\new_gcode\new_gcode\floatpoint.h(79): warning C4244: “参数”: 从“double”转换到“const int32_t”，可能丢失数据
     1>e:\new_gcode\new_gcode\slicer.h(121): warning C4244: “参数”: 从“int64_t”转换到“const int32_t”，可能丢失数据
     1>e:\new_gcode\new_gcode\slicer.h(121): warning C4244: “参数”: 从“int64_t”转换到“const int32_t”，可能丢失数据
     1>e:\new_gcode\new_gcode\bridge.h(64): warning C4244: “return”: 从“double”转换到“int”，可能丢失数据
     1>main.cpp(69): warning C4800: “int”: 将值强制为布尔值“true”或“false”(性能警告)
     1>main.cpp(69): warning C4800: “int”: 将值强制为布尔值“true”或“false”(性能警告)
     1>main.cpp(124): warning C4244: “初始化”: 从“double”转换到“int”，可能丢失数据
     1>main.cpp(541): warning C4996: 'fopen': This function or variable may be unsafe. Consider using fopen_s instead. To disable deprecation, use _CRT_SECURE_NO_WARNINGS. See online help for details.
                 E:\Program Files (x86)\Microsoft Visual Studio 10.0\VC\include\stdio.h(234) : 参见“fopen”的声明
     1>main.cpp(570): warning C4996: 'sscanf': This function or variable may be unsafe. Consider using sscanf_s instead. To disable deprecation, use _CRT_SECURE_NO_WARNINGS. See online help for details.
                 E:\Program Files (x86)\Microsoft Visual Studio 10.0\VC\include\stdio.h(325) : 参见“sscanf”的声明
     1>main.cpp(602): warning C4996: 'sprintf': This function or variable may be unsafe. Consider using sprintf_s instead. To disable deprecation, use _CRT_SECURE_NO_WARNINGS. See online help for details.
                 E:\Program Files (x86)\Microsoft Visual Studio 10.0\VC\include\stdio.h(371) : 参见“sprintf”的声明
     1>main.cpp(604): warning C4996: 'sprintf': This function or variable may be unsafe. Consider using sprintf_s instead. To disable deprecation, use _CRT_SECURE_NO_WARNINGS. See online help for details.
                 E:\Program Files (x86)\Microsoft Visual Studio 10.0\VC\include\stdio.h(371) : 参见“sprintf”的声明
     1>main.cpp(606): warning C4996: 'sprintf': This function or variable may be unsafe. Consider using sprintf_s instead. To disable deprecation, use _CRT_SECURE_NO_WARNINGS. See online help for details.
                 E:\Program Files (x86)\Microsoft Visual Studio 10.0\VC\include\stdio.h(371) : 参见“sprintf”的声明
       Link:
         E:\Program Files (x86)\Microsoft Visual Studio 10.0\VC\bin\link.exe /ERRORREPORT:PROMPT /OUT:"E:\new_gcode\Release\new_gcode.exe" /INCREMENTAL:NO /NOLOGO kernel32.lib user32.lib gdi32.lib winspool.lib comdlg32.lib advapi32.lib shell32.lib ole32.lib oleaut32.lib uuid.lib odbc32.lib odbccp32.lib /MANIFEST /ManifestFile:"Release\new_gcode.exe.intermediate.manifest" /MANIFESTUAC:"level='asInvoker' uiAccess='false'" /DEBUG /PDB:"E:\new_gcode\Release\new_gcode.pdb" /SUBSYSTEM:CONSOLE /OPT:REF /OPT:ICF /LTCG /TLBID:1 /DYNAMICBASE /NXCOMPAT /IMPLIB:"E:\new_gcode\Release\new_gcode.lib" /MACHINE:X86 Release\clipper.obj
         Release\comb.obj
         Release\gcodeExport.obj
         Release\gettime.obj
         Release\infill.obj
         Release\inset.obj
         Release\layerPart.obj
         Release\logoutput.obj
         Release\main.obj
         Release\modelFile.obj
         Release\optimizedModel.obj
         Release\pathOrderOptimizer.obj
         Release\polygonOptimizer.obj
         Release\raft.obj
         Release\settings.obj
         Release\skin.obj
         Release\skirt.obj
         Release\slicer.obj
         Release\support.obj
         正在生成代码
         已完成代码的生成
         new_gcode.vcxproj -> E:\new_gcode\Release\new_gcode.exe
       Manifest:
         E:\Program Files (x86)\Microsoft SDKs\Windows\v7.0A\bin\mt.exe /nologo /verbose /outputresource:"E:\new_gcode\Release\new_gcode.exe;#1" /manifest Release\new_gcode.exe.intermediate.manifest
       FinalizeBuildStatus:
         正在删除文件“Release\new_gcode.unsuccessfulbuild”。
         正在对“Release\new_gcode.lastbuildstate”执行 Touch 任务。
     1>已完成生成项目“E:\new_gcode\new_gcode\new_gcode.vcxproj”(build 个目标)的操作。

生成成功。

已用时间 00:00:06.03
